all_env_vars:
alfred_theme_background = rgba(255,255,255,0.90)
input_action = main	5.4
TMPDIR = /var/folders/k0/nlqc7vt13wd24wjjxks8w4f40000gn/T/
alfred_preferences_localhash = 7503ecf4ebb49fcdd7b30a9e6a86e82393e7425a
alfred_version_build = 2257
USER = bytedance
alfred_version = 5.5
alfred_preferences = /Users/bytedance/Library/Application Support/Alfred/Alfred.alfredpreferences
alfred_theme_selection_background = rgba(1,107,222,1.00)
alfred_workflow_description = SplitScreen
alfred_theme_subtext = 0
PATH = /opt/homebrew/bin:/usr/local/bin:/usr/bin:/bin:/usr/sbin:/sbin
alfred_workflow_cache = /Users/bytedance/Library/Caches/com.runningwithcrayons.Alfred/Workflow Data/com.leiguoguo.alfred-splitscreen-workflow
alfred_debug = 1
PWD = /Users/bytedance/Library/Application Support/Alfred/Alfred.alfredpreferences/workflows/user.workflow.BBA03E3D-BBBE-48FB-A547-B93711270304
alfred_workflow_version = 1.0.0
alfred_workflow_bundleid = com.leiguoguo.alfred-splitscreen-workflow
SHLVL = 1
HOME = /Users/bytedance
LOGNAME = bytedance
current_bounds = {"x":-272,"y":-1814,"width":3072,"height":1708}
LC_CTYPE = en_US.UTF-8
alfred_workflow_uid = user.workflow.BBA03E3D-BBBE-48FB-A547-B93711270304
alfred_workflow_name = SplitScreen
alfred_theme = theme.bundled.osx
alfred_workflow_data = /Users/bytedance/Library/Application Support/Alfred/Workflow Data/com.leiguoguo.alfred-splitscreen-workflow
_ = /opt/homebrew/bin/python3
__CF_USER_TEXT_ENCODING = 0x1F5:0x0:0x0
config_json: {
    "left": {
        "x": 0.0,
        "y": 0.0,
        "width": 49.0,
        "height": 100.0
    },
    "right": {
        "x": 51.0,
        "y": 0.0,
        "width": 49.0,
        "height": 100.0
    },
    "top": {
        "x": 15.0,
        "y": 0.0,
        "width": 85.0,
        "height": 49.0
    },
    "bottom": {
        "x": 15.0,
        "y": 51.0,
        "width": 85.0,
        "height": 49.0
    },
    "full": {
        "x": 0.0,
        "y": 0.0,
        "width": 100.0,
        "height": 100.0
    },
    "large": {
        "x": 10.0,
        "y": 10.0,
        "width": 80.0,
        "height": 80.0
    },
    "large.left": {
        "x": 0.0,
        "y": 10.0,
        "width": 80.0,
        "height": 80.0
    },
    "large.right": {
        "x": 20.0,
        "y": 10.0,
        "width": 80.0,
        "height": 80.0
    },
    "medium": {
        "x": 15.0,
        "y": 15.0,
        "width": 70.0,
        "height": 70.0
    },
    "medium.left": {
        "x": 0.0,
        "y": 15.0,
        "width": 70.0,
        "height": 70.0
    },
    "medium.right": {
        "x": 30.0,
        "y": 15.0,
        "width": 70.0,
        "height": 70.0
    },
    "small": {
        "x": 20.0,
        "y": 20.0,
        "width": 60.0,
        "height": 60.0
    },
    "small.left": {
        "x": 0.0,
        "y": 20.0,
        "width": 60.0,
        "height": 60.0
    },
    "small.right": {
        "x": 40.0,
        "y": 20.0,
        "width": 60.0,
        "height": 60.0
    },
    "tiny": {
        "x": 25.0,
        "y": 25.0,
        "width": 50.0,
        "height": 50.0
    },
    "tiny.left": {
        "x": 0.0,
        "y": 25.0,
        "width": 50.0,
        "height": 50.0
    },
    "tiny.right": {
        "x": 50.0,
        "y": 25.0,
        "width": 50.0,
        "height": 50.0
    },
    "1/4": {
        "x": 0.0,
        "y": 0.0,
        "width": 49.0,
        "height": 49.0
    },
    "2/4": {
        "x": 51.0,
        "y": 0.0,
        "width": 49.0,
        "height": 49.0
    },
    "3/4": {
        "x": 0.0,
        "y": 51.0,
        "width": 49.0,
        "height": 49.0
    },
    "4/4": {
        "x": 51.0,
        "y": 51.0,
        "width": 49.0,
        "height": 49.0
    },
    "3.1": {
        "x": 0.0,
        "y": 0.0,
        "width": 90.0,
        "height": 90.0
    },
    "3.2": {
        "x": 5.0,
        "y": 5.0,
        "width": 90.0,
        "height": 90.0
    },
    "3.3": {
        "x": 10.0,
        "y": 10.0,
        "width": 90.0,
        "height": 90.0
    },
    "4.1": {
        "x": 0.0,
        "y": 0.0,
        "width": 85.0,
        "height": 85.0
    },
    "4.2": {
        "x": 5.0,
        "y": 5.0,
        "width": 85.0,
        "height": 85.0
    },
    "4.3": {
        "x": 15.0,
        "y": 15.0,
        "width": 85.0,
        "height": 85.0
    },
    "4.4": {
        "x": 20.0,
        "y": 20.0,
        "width": 85.0,
        "height": 85.0
    },
    "5.1": {
        "x": 0.0,
        "y": 0.0,
        "width": 80.0,
        "height": 80.0
    },
    "5.2": {
        "x": 5.0,
        "y": 5.0,
        "width": 80.0,
        "height": 80.0
    },
    "5.3": {
        "x": 10.0,
        "y": 10.0,
        "width": 80.0,
        "height": 80.0
    },
    "5.4": {
        "x": 15.0,
        "y": 15.0,
        "width": 80.0,
        "height": 80.0
    },
    "5.5": {
        "x": 20.0,
        "y": 20.0,
        "width": 80.0,
        "height": 80.0
    },
    "7.1": {
        "x": 0.0,
        "y": 0.0,
        "width": 70.0,
        "height": 70.0
    },
    "7.2": {
        "x": 5.0,
        "y": 5.0,
        "width": 70.0,
        "height": 70.0
    },
    "7.3": {
        "x": 10.0,
        "y": 10.0,
        "width": 70.0,
        "height": 70.0
    },
    "7.4": {
        "x": 15.0,
        "y": 15.0,
        "width": 70.0,
        "height": 70.0
    },
    "7.5": {
        "x": 20.0,
        "y": 20.0,
        "width": 70.0,
        "height": 70.0
    },
    "7.6": {
        "x": 25.0,
        "y": 25.0,
        "width": 70.0,
        "height": 70.0
    },
    "7.7": {
        "x": 30.0,
        "y": 30.0,
        "width": 70.0,
        "height": 70.0
    },
    "huge": {
        "x": 5.0,
        "y": 5.0,
        "width": 90.0,
        "height": 90.0
    },
    "mini": {
        "x": 32.5,
        "y": 32.5,
        "width": 35.0,
        "height": 35.0
    },
    "wechat": {
        "x": 0.0,
        "y": 0.0,
        "width": 40.0,
        "height": 50.0
    },
    "1/6": {
        "x": 0.0,
        "y": 0.0,
        "width": 49.0,
        "height": 32.0
    },
    "2/6": {
        "x": 51.0,
        "y": 0.0,
        "width": 49.0,
        "height": 32.0
    },
    "3/6": {
        "x": 0.0,
        "y": 34.0,
        "width": 49.0,
        "height": 32.0
    },
    "4/6": {
        "x": 51.0,
        "y": 34.0,
        "width": 49.0,
        "height": 32.0
    },
    "5/6": {
        "x": 0.0,
        "y": 68.0,
        "width": 49.0,
        "height": 32.0
    },
    "6/6": {
        "x": 51.0,
        "y": 68.0,
        "width": 49.0,
        "height": 32.0
    },
    "douyin": {
        "x": 0.0,
        "y": 0.0,
        "width": 50.0,
        "height": 50.0
    },
    "win": {
        "x": 10.0,
        "y": 10.0,
        "width": 90.0,
        "height": 90.0
    },
    "cal": {
        "x": 49.0,
        "y": 20.0,
        "width": 51.0,
        "height": 80.0
    },
    "yuyin": {
        "x": 65.0,
        "y": 0.0,
        "width": 35.0,
        "height": 40.0
    },
    "h3.1": {
        "x": 0.0,
        "y": 0.0,
        "width": 32.0,
        "height": 100.0
    },
    "h3.2": {
        "x": 34.0,
        "y": 0.0,
        "width": 32.0,
        "height": 100.0
    },
    "h3.3": {
        "x": 68.0,
        "y": 0.0,
        "width": 32.0,
        "height": 100.0
    },
    "ominifocus": {
        "x": 0.0,
        "y": 80.0,
        "width": 30.0,
        "height": 20.0
    },
    "meeting": {
        "x": 2.0,
        "y": 2.0,
        "width": 96.0,
        "height": 96.0
    },
    "perf.left": {
        "x": 0.0,
        "y": 0.0,
        "width": 50.0,
        "height": 40.0
    },
    "perf.right": {
        "x": 50.0,
        "y": 0.0,
        "width": 50.0,
        "height": 40.0
    },
    "perf.bottom": {
        "x": 0.0,
        "y": 40.0,
        "width": 100.0,
        "height": 60.0
    },
    "perf.top": {
        "x": 0.0,
        "y": 0.0,
        "width": 100.0,
        "height": 40.0
    }
}
screen_bounds: {'main': {'x': 0, 'y': 0, 'width': 2992, 'height': 1870}, 'dual': {'x': -848, 'y': -2160, 'width': 3840, 'height': 2160}}
process height_of_menubar: 25
after menubar process screen_bounds: {'main': {'x': 0, 'y': 25, 'width': 2992, 'height': 1845}, 'dual': {'x': -848, 'y': -2135, 'width': 3840, 'height': 2135}}
input_actions: ['main', '5.4']
which_screen: main, percentX: 0.15, percentY: 0.15, percentW: 0.8, percentH: 0.8
current_bounds: {'x': -272, 'y': -1814, 'width': 3072, 'height': 1708}
target screen_bounds: {'x': 0, 'y': 25, 'width': 2992, 'height': 1845}
new_bounds: {'x': 448, 'y': 301, 'width': 2393, 'height': 1476}
current_bounds['x'] <= target_bounds['x'] + target_bounds['width']: -272 <= 0 + 2992
current_bounds['y'] <= target_bounds['y'] + target_bounds['height']: -1814 <= 25 + 1845
